0 info it worked if it ends with ok
1 verbose cli [ '/Users/wlyonpr/.nvm/v0.8.17/bin/node',
1 verbose cli   '/Users/wlyonpr/.nvm/v0.8.17/bin/npm',
1 verbose cli   'install' ]
2 info using npm@1.2.0
3 info using node@v0.8.17
4 verbose read json /Users/wlyonpr/Github/node-fork/package.json
5 error install Couldn't read dependencies
6 error Error: ENOENT, open '/Users/wlyonpr/Github/node-fork/package.json'
7 error If you need help, you may report this log at:
7 error     <http://github.com/isaacs/npm/issues>
7 error or email it to:
7 error     <npm-@googlegroups.com>
8 error System Darwin 11.4.2
9 error command "/Users/wlyonpr/.nvm/v0.8.17/bin/node" "/Users/wlyonpr/.nvm/v0.8.17/bin/npm" "install"
10 error cwd /Users/wlyonpr/Github/node-fork
11 error node -v v0.8.17
12 error npm -v 1.2.0
13 error path /Users/wlyonpr/Github/node-fork/package.json
14 error code ENOENT
15 error errno 34
16 verbose exit [ 34, true ]
